
7-Zip 9.20  Copyright (c) 1999-2010 Igor Pavlov  2010-11-18
p7zip Version 9.20 (locale=en_US.UTF-8,Utf16=on,HugeFiles=on,8 CPUs)

RAM size:    1994 MB,  # CPU hardware threads:   8
RAM usage:    245 MB,  # Benchmark threads:      8

Dict        Compressing          |        Decompressing
      Speed Usage    R/U Rating  |    Speed Usage    R/U Rating
       KB/s     %   MIPS   MIPS  |     KB/s     %   MIPS   MIPS

22:    3458   411    819   3364  |    82457   622   1195   7436
22:    4798   532    876   4667  |    82347   641   1158   7426
22:    4788   533    874   4658  |    81833   648   1139   7380
22:    3331   462    702   3240  |    82513   643   1156   7441
22:    5819   667    848   5660  |    82325   643   1155   7424
22:    5864   673    847   5705  |    82306   644   1152   7423
22:    3296   459    698   3206  |    81138   650   1125   7317
22:    3373   407    806   3281  |    80919   648   1125   7298
22:    3418   421    789   3325  |    82128   621   1192   7407
22:    3427   421    791   3333  |    81999   653   1133   7395
----------------------------------------------------------------
Avr:          499    805   4044               641   1153   7395
Tot:          570    979   5719
