
7-Zip 9.20  Copyright (c) 1999-2010 Igor Pavlov  2010-11-18
p7zip Version 9.20 (locale=en_US.UTF-8,Utf16=on,HugeFiles=on,8 CPUs)

RAM size:    1994 MB,  # CPU hardware threads:   8
RAM usage:     55 MB,  # Benchmark threads:      1

Dict        Compressing          |        Decompressing
      Speed Usage    R/U Rating  |    Speed Usage    R/U Rating
       KB/s     %   MIPS   MIPS  |     KB/s     %   MIPS   MIPS

22:    1271   100   1240   1237  |    19137   100   1728   1727
22:    1296   100   1261   1261  |    19135   100   1728   1727
22:    1298   100   1263   1263  |    19119   100   1726   1726
22:    1297   100   1263   1262  |    19134   100   1728   1727
22:    1299   100   1264   1264  |    19138   100   1728   1728
22:    1297   100   1262   1261  |    19142   100   1728   1728
22:    1293   100   1259   1258  |    19134   100   1728   1727
22:    1297   100   1262   1262  |    19138   100   1728   1728
22:    1299   100   1264   1264  |    19129   100   1727   1727
22:    1299   100   1264   1264  |    19106   100   1725   1725
----------------------------------------------------------------
Avr:          100   1260   1260               100   1728   1727
Tot:          100   1494   1493
