
7-Zip 9.20  Copyright (c) 1999-2010 Igor Pavlov  2010-11-18
p7zip Version 9.20 (locale=en_US.UTF-8,Utf16=on,HugeFiles=on,8 CPUs)

RAM size:    1994 MB,  # CPU hardware threads:   8
RAM usage:    122 MB,  # Benchmark threads:      4

Dict        Compressing          |        Decompressing
      Speed Usage    R/U Rating  |    Speed Usage    R/U Rating
       KB/s     %   MIPS   MIPS  |     KB/s     %   MIPS   MIPS

22:    3726   325   1116   3624  |    71984   391   1660   6494
22:    3700   325   1108   3599  |    68629   389   1591   6192
22:    3701   323   1114   3600  |    68199   391   1571   6153
22:    3573   321   1083   3476  |    67905   392   1561   6126
22:    3629   325   1087   3530  |    66979   389   1553   6043
22:    3597   324   1080   3499  |    66247   390   1532   5977
22:    3545   320   1076   3448  |    66109   392   1522   5964
22:    3561   324   1069   3464  |    65929   392   1518   5948
22:    3495   324   1048   3400  |    65825   393   1510   5939
22:    3619   326   1078   3520  |    65016   390   1504   5866
----------------------------------------------------------------
Avr:          324   1086   3516               391   1552   6070
Tot:          357   1319   4793
