
7-Zip 9.20  Copyright (c) 1999-2010 Igor Pavlov  2010-11-18
p7zip Version 9.20 (locale=en_US.UTF-8,Utf16=on,HugeFiles=on,8 CPUs)

RAM size:    1994 MB,  # CPU hardware threads:   8
RAM usage:     55 MB,  # Benchmark threads:      1

Dict        Compressing          |        Decompressing
      Speed Usage    R/U Rating  |    Speed Usage    R/U Rating
       KB/s     %   MIPS   MIPS  |     KB/s     %   MIPS   MIPS

22:    1328   100   1293   1292  |    19237   100   1737   1736
22:    1324   100   1288   1288  |    19218   100   1735   1735
22:    1322   100   1286   1286  |    19229   100   1736   1736
22:    1325   100   1289   1289  |    19215   100   1735   1735
22:    1321   100   1285   1285  |    19219   100   1735   1735
22:    1322   100   1286   1286  |    19216   100   1735   1735
22:    1322   100   1286   1286  |    19213   100   1735   1734
22:    1323   100   1287   1287  |    19209   100   1734   1734
22:    1321   100   1285   1285  |    19218   100   1735   1735
22:    1323   100   1287   1287  |    19211   100   1734   1734
----------------------------------------------------------------
Avr:          100   1287   1287               100   1735   1735
Tot:          100   1511   1511
