
7-Zip 9.20  Copyright (c) 1999-2010 Igor Pavlov  2010-11-18
p7zip Version 9.20 (locale=en_US.UTF-8,Utf16=on,HugeFiles=on,8 CPUs)

RAM size:    1994 MB,  # CPU hardware threads:   8
RAM usage:    122 MB,  # Benchmark threads:      4

Dict        Compressing          |        Decompressing
      Speed Usage    R/U Rating  |    Speed Usage    R/U Rating
       KB/s     %   MIPS   MIPS  |     KB/s     %   MIPS   MIPS

22:    3813   320   1157   3710  |    72518   392   1667   6543
22:    3833   322   1159   3729  |    67654   395   1546   6104
22:    3681   320   1117   3581  |    69643   393   1599   6283
22:    3640   319   1111   3541  |    69524   395   1589   6272
22:    3700   321   1119   3599  |    68346   393   1569   6166
22:    3666   321   1111   3567  |    67774   393   1556   6115
22:    3543   315   1093   3447  |    67584   396   1540   6097
22:    3669   320   1114   3569  |    63870   393   1467   5762
22:    3554   313   1105   3457  |    66631   395   1521   6011
22:    3704   322   1120   3603  |    66026   394   1512   5957
----------------------------------------------------------------
Avr:          319   1121   3580               394   1557   6131
Tot:          357   1339   4856
