
7-Zip 9.20  Copyright (c) 1999-2010 Igor Pavlov  2010-11-18
p7zip Version 9.20 (locale=en_US.UTF-8,Utf16=on,HugeFiles=on,8 CPUs)

RAM size:    1994 MB,  # CPU hardware threads:   8
RAM usage:    122 MB,  # Benchmark threads:      4

Dict        Compressing          |        Decompressing
      Speed Usage    R/U Rating  |    Speed Usage    R/U Rating
       KB/s     %   MIPS   MIPS  |     KB/s     %   MIPS   MIPS

22:    1639   302    528   1594  |    41210   395    941   3718
22:    1626   302    523   1582  |    41278   395    941   3724
22:    1645   305    525   1601  |    41066   394    941   3705
22:    1626   301    525   1582  |    41272   396    941   3723
22:    1640   304    525   1596  |    41289   395    942   3725
22:    1624   301    524   1580  |    41149   395    940   3712
22:    1624   301    524   1580  |    41120   395    938   3710
22:    1638   304    524   1593  |    40846   395    933   3685
22:    1632   302    525   1588  |    41114   394    940   3709
22:    1622   301    524   1578  |    41323   396    941   3728
----------------------------------------------------------------
Avr:          302    525   1587               395    940   3714
Tot:          349    732   2651
