
7-Zip 9.20  Copyright (c) 1999-2010 Igor Pavlov  2010-11-18
p7zip Version 9.20 (locale=en_US.UTF-8,Utf16=on,HugeFiles=on,8 CPUs)

RAM size:    1994 MB,  # CPU hardware threads:   8
RAM usage:     55 MB,  # Benchmark threads:      1

Dict        Compressing          |        Decompressing
      Speed Usage    R/U Rating  |    Speed Usage    R/U Rating
       KB/s     %   MIPS   MIPS  |     KB/s     %   MIPS   MIPS

22:     566   100    550    550  |    10556   100    953    953
22:     567   100    551    551  |    10552   100    953    952
22:     566   100    550    550  |    10555   100    953    953
22:     565   100    550    550  |    10562   100    953    953
22:     565   100    550    550  |    10552   100    953    952
22:     566   100    551    551  |    10564   100    954    953
22:     565   100    550    550  |    10545   100    952    952
22:     566   100    551    551  |    10556   100    953    953
22:     565   100    550    549  |    10560   100    954    953
22:     565   100    550    550  |    10520   100    951    949
----------------------------------------------------------------
Avr:          100    550    550               100    953    952
Tot:          100    752    751
