
7-Zip 9.20  Copyright (c) 1999-2010 Igor Pavlov  2010-11-18
p7zip Version 9.20 (locale=en_US.UTF-8,Utf16=on,HugeFiles=on,8 CPUs)

RAM size:    1994 MB,  # CPU hardware threads:   8
RAM usage:     55 MB,  # Benchmark threads:      1

Dict        Compressing          |        Decompressing
      Speed Usage    R/U Rating  |    Speed Usage    R/U Rating
       KB/s     %   MIPS   MIPS  |     KB/s     %   MIPS   MIPS

22:     479   100    467    466  |    10097   100    912    911
22:     490   100    477    476  |    10101   100    912    912
22:     487   100    474    474  |    10105   100    912    912
22:     488   100    475    475  |    10093   100    911    911
22:     489   100    476    476  |    10089   100    911    910
22:     489   100    476    475  |    10102   100    912    912
22:     489   100    476    475  |    10099   100    912    911
22:     489   100    476    476  |    10094   100    911    911
22:     488   100    475    475  |    10096   100    911    911
22:     488   100    475    475  |    10085   100    910    910
----------------------------------------------------------------
Avr:          100    475    474               100    911    911
Tot:          100    693    693
