
7-Zip 9.20  Copyright (c) 1999-2010 Igor Pavlov  2010-11-18
p7zip Version 9.20 (locale=en_US.UTF-8,Utf16=on,HugeFiles=on,8 CPUs)

RAM size:    1994 MB,  # CPU hardware threads:   8
RAM usage:    122 MB,  # Benchmark threads:      4

Dict        Compressing          |        Decompressing
      Speed Usage    R/U Rating  |    Speed Usage    R/U Rating
       KB/s     %   MIPS   MIPS  |     KB/s     %   MIPS   MIPS

22:    1489   320    452   1449  |    38750   393    889   3496
22:    1450   312    451   1411  |    38521   394    883   3475
22:    1461   315    451   1422  |    38609   391    891   3483
22:    1482   319    451   1441  |    38751   393    890   3496
22:    1479   319    451   1439  |    38648   392    890   3487
22:    1460   316    449   1420  |    38752   393    890   3496
22:    1479   319    450   1439  |    38823   392    892   3502
22:    1463   315    451   1423  |    38587   392    888   3481
22:    1482   319    452   1442  |    38572   391    890   3480
22:    1480   319    452   1440  |    38697   392    889   3491
----------------------------------------------------------------
Avr:          317    451   1432               392    889   3489
Tot:          355    670   2461
