
7-Zip 9.20  Copyright (c) 1999-2010 Igor Pavlov  2010-11-18
p7zip Version 9.20 (locale=en_US.UTF-8,Utf16=on,HugeFiles=on,8 CPUs)

RAM size:    1994 MB,  # CPU hardware threads:   8
RAM usage:    245 MB,  # Benchmark threads:      8

Dict        Compressing          |        Decompressing
      Speed Usage    R/U Rating  |    Speed Usage    R/U Rating
       KB/s     %   MIPS   MIPS  |     KB/s     %   MIPS   MIPS

22:    6390   705    881   6216  |    82219   615   1205   7415
22:    3390   434    760   3298  |    82441   624   1190   7435
22:    3273   460    691   3184  |    82235   620   1195   7416
22:    3428   407    819   3334  |    82012   632   1171   7396
22:    3369   403    812   3278  |    82322   625   1188   7424
22:    3361   430    760   3269  |    82134   640   1157   7407
22:    3434   417    800   3341  |    82346   642   1156   7426
22:    4679   530    859   4552  |    82916   605   1236   7478
22:    3451   421    796   3357  |    82315   641   1157   7423
22:    3453   412    815   3359  |    82296   642   1155   7422
----------------------------------------------------------------
Avr:          462    800   3719               629   1181   7424
Tot:          545    990   5572
