
7-Zip 9.20  Copyright (c) 1999-2010 Igor Pavlov  2010-11-18
p7zip Version 9.20 (locale=en_US.UTF-8,Utf16=on,HugeFiles=on,8 CPUs)

RAM size:    1994 MB,  # CPU hardware threads:   8
RAM usage:     55 MB,  # Benchmark threads:      1

Dict        Compressing          |        Decompressing
      Speed Usage    R/U Rating  |    Speed Usage    R/U Rating
       KB/s     %   MIPS   MIPS  |     KB/s     %   MIPS   MIPS

22:    1170   100   1139   1138  |    19070   100   1723   1721
22:    1184   100   1153   1151  |    19061   100   1722   1721
22:    1174   100   1143   1142  |    18692    99   1704   1687
22:    1166    98   1153   1134  |    18895    99   1731   1706
22:    1161    98   1148   1130  |    18880    99   1730   1704
22:    1156    98   1143   1125  |    18861    99   1728   1703
22:    1168    98   1155   1137  |    18873    99   1729   1704
22:    1153    98   1139   1121  |    18860    99   1728   1702
22:    1173    98   1160   1141  |    18859    99   1728   1702
22:    1170    98   1157   1138  |    18840    99   1727   1701
----------------------------------------------------------------
Avr:           99   1149   1136                99   1725   1705
Tot:           99   1437   1420
