
7-Zip 9.20  Copyright (c) 1999-2010 Igor Pavlov  2010-11-18
p7zip Version 9.20 (locale=en_US.UTF-8,Utf16=on,HugeFiles=on,8 CPUs)

RAM size:    1994 MB,  # CPU hardware threads:   8
RAM usage:    122 MB,  # Benchmark threads:      4

Dict        Compressing          |        Decompressing
      Speed Usage    R/U Rating  |    Speed Usage    R/U Rating
       KB/s     %   MIPS   MIPS  |     KB/s     %   MIPS   MIPS

22:    3409   325   1020   3316  |    71423   392   1645   6444
22:    3453   324   1037   3359  |    69326   392   1594   6255
22:    3358   326   1003   3267  |    68617   391   1582   6191
22:    3378   327   1004   3287  |    66863   391   1543   6032
22:    3505   327   1042   3410  |    65770   394   1506   5934
22:    3449   328   1023   3355  |    66742   392   1535   6021
22:    3289   325    983   3200  |    67168   393   1543   6060
22:    3369   327   1003   3278  |    65518   392   1508   5911
22:    3250   319    990   3162  |    66367   392   1529   5987
22:    3326   325    996   3235  |    64395   392   1483   5810
----------------------------------------------------------------
Avr:          325   1010   3287               392   1547   6064
Tot:          359   1278   4676
